[    0.000000] Initializing cgroup subsys cpuset
[    0.000000] Initializing cgroup subsys cpu
[    0.000000] Initializing cgroup subsys cpuacct
[    0.000000] Linux version 4.4.0-157-generic (buildd@lgw01-amd64-037) (gcc version 5.4.0 20160609 (Ubuntu 5.4.0-6ubuntu1~16.04.10) ) #185-Ubuntu SMP Tue Jul 23 09:17:01 UTC 2019 (Ubuntu 4.4.0-157.185-generic 4.4.181)
[    0.000000] Command line: BOOT_IMAGE=/boot/vmlinuz-4.4.0-157-generic root=LABEL=cloudimg-rootfs ro console=tty1 console=ttyS0
[    0.000000] KERNEL supported cpus:
[    0.000000]   Intel GenuineIntel
[    0.000000]   AMD AuthenticAMD
[    0.000000]   Centaur CentaurHauls
[    0.000000] x86/fpu: xstate_offset[2]:  576, xstate_sizes[2]:  256
[    0.000000] x86/fpu: Supporting XSAVE feature 0x01: 'x87 floating point registers'
[    0.000000] x86/fpu: Supporting XSAVE feature 0x02: 'SSE registers'
[    0.000000] x86/fpu: Supporting XSAVE feature 0x04: 'AVX registers'
[    0.000000] x86/fpu: Enabled xstate features 0x7, context size is 832 bytes, using 'standard' format.
[    0.000000] e820: BIOS-provided physical RAM map:
[    0.000000] BIOS-e820: [mem 0x0000000000000000-0x000000000009fbff] usable
[    0.000000] BIOS-e820: [mem 0x000000000009fc00-0x000000000009ffff] reserved
[    0.000000] BIOS-e820: [mem 0x00000000000f0000-0x00000000000fffff] reserved
[    0.000000] BIOS-e820: [mem 0x0000000000100000-0x000000003ffeffff] usable
[    0.000000] BIOS-e820: [mem 0x000000003fff0000-0x000000003fffffff] ACPI data
[    0.000000] BIOS-e820: [mem 0x00000000fec00000-0x00000000fec00fff] reserved
[    0.000000] BIOS-e820: [mem 0x00000000fee00000-0x00000000fee00fff] reserved
[    0.000000] BIOS-e820: [mem 0x00000000fffc0000-0x00000000ffffffff] reserved
[    0.000000] NX (Execute Disable) protection: active
[    0.000000] SMBIOS 2.5 present.
[    0.000000] Hypervisor detected: KVM
[    0.000000] e820: last_pfn = 0x3fff0 max_arch_pfn = 0x400000000
[    0.000000] MTRR: Disabled
[    0.000000] x86/PAT: MTRRs disabled, skipping PAT initialization too.
[    0.000000] CPU MTRRs all blank - virtualized system.
[    0.000000] x86/PAT: Configuration [0-7]: WB  WT  UC- UC  WB  WT  UC- UC  
[    0.000000] found SMP MP-table at [mem 0x0009fff0-0x0009ffff] mapped at [ffff88000009fff0]
[    0.000000] Scanning 1 areas for low memory corruption
[    0.000000] RAMDISK: [mem 0x362fc000-0x37175fff]
[    0.000000] ACPI: Early table checksum verification disabled
[    0.000000] ACPI: RSDP 0x00000000000E0000 000024 (v02 VBOX  )
[    0.000000] ACPI: XSDT 0x000000003FFF0030 00003C (v01 VBOX   VBOXXSDT 00000001 ASL  00000061)
[    0.000000] ACPI: FACP 0x000000003FFF00F0 0000F4 (v04 VBOX   VBOXFACP 00000001 ASL  00000061)
[    0.000000] ACPI: DSDT 0x000000003FFF0470 0022EA (v02 VBOX   VBOXBIOS 00000002 INTL 20100528)
[    0.000000] ACPI: FACS 0x000000003FFF0200 000040
[    0.000000] ACPI: FACS 0x000000003FFF0200 000040
[    0.000000] ACPI: APIC 0x000000003FFF0240 00005C (v02 VBOX   VBOXAPIC 00000001 ASL  00000061)
[    0.000000] ACPI: SSDT 0x000000003FFF02A0 0001CC (v01 VBOX   VBOXCPUT 00000002 INTL 20100528)
[    0.000000] No NUMA configuration found
[    0.000000] Faking a node at [mem 0x0000000000000000-0x000000003ffeffff]
[    0.000000] NODE_DATA(0) allocated [mem 0x3ffeb000-0x3ffeffff]
[    0.000000] kvm-clock: Using msrs 4b564d01 and 4b564d00
[    0.000000] kvm-clock: cpu 0, msr 0:3ffe3001, primary cpu clock
[    0.000000] kvm-clock: using sched offset of 3652836597 cycles
[    0.000000] clocksource: kvm-clock: mask: 0xffffffffffffffff max_cycles: 0x1cd42e4dffb, max_idle_ns: 881590591483 ns
[    0.000000] Zone ranges:
[    0.000000]   DMA      [mem 0x0000000000001000-0x0000000000ffffff]
[    0.000000]   DMA32    [mem 0x0000000001000000-0x000000003ffeffff]
[    0.000000]   Normal   empty
[    0.000000]   Device   empty
[    0.000000] Movable zone start for each node
[    0.000000] Early memory node ranges
[    0.000000]   node   0: [mem 0x0000000000001000-0x000000000009efff]
[    0.000000]   node   0: [mem 0x0000000000100000-0x000000003ffeffff]
[    0.000000] Initmem setup node 0 [mem 0x0000000000001000-0x000000003ffeffff]
[    0.000000] ACPI: PM-Timer IO Port: 0x4008
[    0.000000] IOAPIC[0]: apic_id 2, version 32, address 0xfec00000, GSI 0-23
[    0.000000] ACPI: INT_SRC_OVR (bus 0 bus_irq 0 global_irq 2 dfl dfl)
[    0.000000] ACPI: INT_SRC_OVR (bus 0 bus_irq 9 global_irq 9 low level)
[    0.000000] Using ACPI (MADT) for SMP configuration information
[    0.000000] smpboot: Allowing 2 CPUs, 0 hotplug CPUs
[    0.000000] PM: Registered nosave memory: [mem 0x00000000-0x00000fff]
[    0.000000] PM: Registered nosave memory: [mem 0x0009f000-0x0009ffff]
[    0.000000] PM: Registered nosave memory: [mem 0x000a0000-0x000effff]
[    0.000000] PM: Registered nosave memory: [mem 0x000f0000-0x000fffff]
[    0.000000] e820: [mem 0x40000000-0xfebfffff] available for PCI devices
[    0.000000] Booting paravirtualized kernel on KVM
[    0.000000] clocksource: refined-jiffies: mask: 0xffffffff max_cycles: 0xffffffff, max_idle_ns: 7645519600211568 ns
[    0.000000] setup_percpu: NR_CPUS:512 nr_cpumask_bits:512 nr_cpu_ids:2 nr_node_ids:1
[    0.000000] PERCPU: Embedded 34 pages/cpu @ffff88003fc00000 s99544 r8192 d31528 u1048576
[    0.000000] Built 1 zonelists in Node order, mobility grouping on.  Total pages: 257912
[    0.000000] Policy zone: DMA32
[    0.000000] Kernel command line: BOOT_IMAGE=/boot/vmlinuz-4.4.0-157-generic root=LABEL=cloudimg-rootfs ro console=tty1 console=ttyS0
[    0.000000] PID hash table entries: 4096 (order: 3, 32768 bytes)
[    0.000000] Memory: 997736K/1048120K available (8618K kernel code, 1335K rwdata, 4032K rodata, 1484K init, 1284K bss, 50384K reserved, 0K cma-reserved)
[    0.000000] SLUB: HWalign=64, Order=0-3, MinObjects=0, CPUs=2, Nodes=1
[    0.000000] Kernel/User page tables isolation: enabled
[    0.000000] Hierarchical RCU implementation.
[    0.000000] 	Build-time adjustment of leaf fanout to 64.
[    0.000000] 	RCU restricting CPUs from NR_CPUS=512 to nr_cpu_ids=2.
[    0.000000] RCU: Adjusting geometry for rcu_fanout_leaf=64, nr_cpu_ids=2
[    0.000000] NR_IRQS:33024 nr_irqs:440 16
[    0.000000] Console: colour VGA+ 80x25
[    0.000000] console [tty1] enabled
[    0.000000] console [ttyS0] enabled
[    0.000000] tsc: Detected 2711.998 MHz processor
[    0.249929] Calibrating delay loop (skipped) preset value.. 5423.99 BogoMIPS (lpj=10847992)
[    0.253298] pid_max: default: 32768 minimum: 301
[    0.255128] ACPI: Core revision 20150930
[    0.259120] ACPI: 2 ACPI AML tables successfully acquired and loaded
[    0.262116] Security Framework initialized
[    0.263495] Yama: becoming mindful.
[    0.265087] AppArmor: AppArmor initialized
[    0.266812] Dentry cache hash table entries: 131072 (order: 8, 1048576 bytes)
[    0.272822] Inode-cache hash table entries: 65536 (order: 7, 524288 bytes)
[    0.274611] Mount-cache hash table entries: 2048 (order: 2, 16384 bytes)
[    0.276253] Mountpoint-cache hash table entries: 2048 (order: 2, 16384 bytes)
[    0.278021] Initializing cgroup subsys io
[    0.279500] Initializing cgroup subsys memory
[    0.281099] Initializing cgroup subsys devices
[    0.282614] Initializing cgroup subsys freezer
[    0.284217] Initializing cgroup subsys net_cls
[    0.286013] Initializing cgroup subsys perf_event
[    0.287895] Initializing cgroup subsys net_prio
[    0.289528] Initializing cgroup subsys hugetlb
[    0.291218] Initializing cgroup subsys pids
[    0.294059] mce: CPU supports 0 MCE banks
[    0.295550] Last level iTLB entries: 4KB 64, 2MB 8, 4MB 8
[    0.297290] Last level dTLB entries: 4KB 64, 2MB 0, 4MB 0, 1GB 4
[    0.299427] Spectre V2 : Mitigation: Full generic retpoline
[    0.301454] Spectre V2 : Spectre v2 / SpectreRSB mitigation: Filling RSB on context switch
[    0.304333] Speculative Store Bypass: Vulnerable
[    0.306120] MDS: Vulnerable: Clear CPU buffers attempted, no microcode
[    0.313101] Freeing SMP alternatives memory: 36K
[    0.323029] ftrace: allocating 32312 entries in 127 pages
[    0.407457] smpboot: APIC(0) Converting physical 0 to logical package 0
[    0.409720] smpboot: Max logical packages: 1
[    0.411682] x2apic enabled
[    0.413276] Switched APIC routing to physical x2apic.
[    0.417162] ..TIMER: vector=0x30 apic1=0 pin1=2 apic2=-1 pin2=-1
[    0.525131] smpboot: CPU0: Intel(R) Core(TM) i5-7200U CPU @ 2.50GHz (family: 0x6, model: 0x8e, stepping: 0x9)
[    0.528725] Performance Events: unsupported p6 CPU model 142 no PMU driver, software events only.
[    0.546029] KVM setup paravirtual spinlock
[    0.548282] x86: Booting SMP configuration:
[    0.549933] .... node  #0, CPUs:      #1
[    0.551266] kvm-clock: cpu 1, msr 0:3ffe3041, secondary cpu clock
[    0.554615] mce: CPU supports 0 MCE banks
[    0.557476] x86: Booted up 1 node, 2 CPUs
[    0.559275] smpboot: Total of 2 processors activated (10847.99 BogoMIPS)
[    0.561899] devtmpfs: initialized
[    0.565847] evm: security.selinux
[    0.567228] evm: security.SMACK64
[    0.568516] evm: security.SMACK64EXEC
[    0.569950] evm: security.SMACK64TRANSMUTE
[    0.571424] evm: security.SMACK64MMAP
[    0.572900] evm: security.ima
[    0.574112] evm: security.capability
[    0.575706] clocksource: jiffies: mask: 0xffffffff max_cycles: 0xffffffff, max_idle_ns: 7645041785100000 ns
[    0.578957] futex hash table entries: 512 (order: 3, 32768 bytes)
[    0.581319] pinctrl core: initialized pinctrl subsystem
[    0.583197] RTC time: 15:03:34, date: 08/19/19
[    0.584666] NET: Registered protocol family 16
[    0.597576] cpuidle: using governor ladder
[    0.609266] cpuidle: using governor menu
[    0.610764] PCCT header not found.
[    0.612152] ACPI: bus type PCI registered
[    0.613487] acpiphp: ACPI Hot Plug PCI Controller Driver version: 0.5
[    0.615710] PCI: Using configuration type 1 for base access
[    0.630526] ACPI: Added _OSI(Module Device)
[    0.632139] ACPI: Added _OSI(Processor Device)
[    0.633959] ACPI: Added _OSI(3.0 _SCP Extensions)
[    0.635696] ACPI: Added _OSI(Processor Aggregator Device)
[    0.639023] ACPI: Executed 1 blocks of module-level executable AML code
[    0.644256] ACPI: Interpreter enabled
[    0.645809] ACPI: (supports S0 S5)
[    0.646977] ACPI: Using IOAPIC for interrupt routing
[    0.649174] PCI: Using host bridge windows from ACPI; if necessary, use "pci=nocrs" and report a bug
[    0.657138] ACPI: PCI Root Bridge [PCI0] (domain 0000 [bus 00-ff])
[    0.659373] acpi PNP0A03:00: _OSC: OS supports [ASPM ClockPM Segments MSI]
[    0.662196] acpi PNP0A03:00: _OSC: not requesting OS control; OS requires [ExtendedConfig ASPM ClockPM MSI]
[    0.664708] acpi PNP0A03:00: fail to add MMCONFIG information, can't access extended PCI configuration space under this bridge.
[    0.667950] PCI host bridge to bus 0000:00
[    0.669035] pci_bus 0000:00: root bus resource [io  0x0000-0x0cf7 window]
[    0.670640] pci_bus 0000:00: root bus resource [io  0x0d00-0xffff window]
[    0.673340] pci_bus 0000:00: root bus resource [mem 0x000a0000-0x000bffff window]
[    0.675690] pci_bus 0000:00: root bus resource [mem 0x40000000-0xfdffffff window]
[    0.677731] pci_bus 0000:00: root bus resource [bus 00-ff]
[    0.681332] pci 0000:00:01.1: legacy IDE quirk: reg 0x10: [io  0x01f0-0x01f7]
[    0.682982] pci 0000:00:01.1: legacy IDE quirk: reg 0x14: [io  0x03f6]
[    0.684546] pci 0000:00:01.1: legacy IDE quirk: reg 0x18: [io  0x0170-0x0177]
[    0.686436] pci 0000:00:01.1: legacy IDE quirk: reg 0x1c: [io  0x0376]
[    0.712908] pci 0000:00:07.0: quirk: [io  0x4000-0x403f] claimed by PIIX4 ACPI
[    0.731438] pci 0000:00:07.0: quirk: [io  0x4100-0x410f] claimed by PIIX4 SMB
[    0.749300] ACPI: PCI Interrupt Link [LNKA] (IRQs 5 9 10 *11)
[    0.751472] ACPI: PCI Interrupt Link [LNKB] (IRQs 5 9 *10 11)
[    0.753410] ACPI: PCI Interrupt Link [LNKC] (IRQs 5 *9 10 11)
[    0.755452] ACPI: PCI Interrupt Link [LNKD] (IRQs 5 9 10 *11)
[    0.758041] ACPI: Enabled 2 GPEs in block 00 to 07
[    0.760290] vgaarb: setting as boot device: PCI:0000:00:02.0
[    0.762198] vgaarb: device added: PCI:0000:00:02.0,decodes=io+mem,owns=io+mem,locks=none
[    0.765009] vgaarb: loaded
[    0.766145] vgaarb: bridge control possible 0000:00:02.0
[    0.768308] SCSI subsystem initialized
[    0.770104] ACPI: bus type USB registered
[    0.771517] usbcore: registered new interface driver usbfs
[    0.773335] usbcore: registered new interface driver hub
[    0.775178] usbcore: registered new device driver usb
[    0.777019] PCI: Using ACPI for IRQ routing
[    0.779063] NetLabel: Initializing
[    0.780207] NetLabel:  domain hash size = 128
[    0.781989] NetLabel:  protocols = UNLABELED CIPSOv4
[    0.787136] NetLabel:  unlabeled traffic allowed by default
[    0.789064] amd_nb: Cannot enumerate AMD northbridges
[    0.790755] clocksource: Switched to clocksource kvm-clock
[    0.805762] AppArmor: AppArmor Filesystem Enabled
[    0.807093] pnp: PnP ACPI init
[    0.809020] pnp: PnP ACPI: found 3 devices
[    0.820765] clocksource: acpi_pm: mask: 0xffffff max_cycles: 0xffffff, max_idle_ns: 2085701024 ns
[    0.824202] NET: Registered protocol family 2
[    0.826226] TCP established hash table entries: 8192 (order: 4, 65536 bytes)
[    0.828541] TCP bind hash table entries: 8192 (order: 5, 131072 bytes)
[    0.830561] TCP: Hash tables configured (established 8192 bind 8192)
[    0.832959] UDP hash table entries: 512 (order: 2, 16384 bytes)
[    0.835084] UDP-Lite hash table entries: 512 (order: 2, 16384 bytes)
[    0.837225] NET: Registered protocol family 1
[    0.838834] pci 0000:00:00.0: Limiting direct PCI/PCI transfers
[    0.840772] pci 0000:00:01.0: Activating ISA DMA hang workarounds
[    0.842377] Unpacking initramfs...
[    1.158069] Freeing initrd memory: 14824K
[    1.161882] clocksource: tsc: mask: 0xffffffffffffffff max_cycles: 0x27178451938, max_idle_ns: 440795251172 ns
[    1.173378] platform rtc_cmos: registered platform RTC device (no PNP device found)
[    1.180232] Scanning for low memory corruption every 60 seconds
[    1.184404] audit: initializing netlink subsys (disabled)
[    1.186416] audit: type=2000 audit(1566227019.642:1): initialized
[    1.188815] Initialise system trusted keyring
[    1.190670] HugeTLB registered 2 MB page size, pre-allocated 0 pages
[    1.194721] zbud: loaded
[    1.196442] VFS: Disk quotas dquot_6.6.0
[    1.198026] VFS: Dquot-cache hash table entries: 512 (order 0, 4096 bytes)
[    1.201546] squashfs: version 4.0 (2009/01/31) Phillip Lougher
[    1.205585] fuse init (API version 7.23)
[    1.209230] Key type big_key registered
[    1.213614] Allocating IMA MOK and blacklist keyrings.
[    1.220927] Key type asymmetric registered
[    1.222429] Asymmetric key parser 'x509' registered
[    1.224240] Block layer SCSI generic (bsg) driver version 0.4 loaded (major 249)
[    1.227253] io scheduler noop registered
[    1.228890] io scheduler deadline registered (default)
[    1.230687] io scheduler cfq registered
[    1.233485] pci_hotplug: PCI Hot Plug PCI Core version: 0.5
[    1.235628] pciehp: PCI Express Hot Plug Controller Driver version: 0.4
[    1.238595] ACPI: AC Adapter [AC] (on-line)
[    1.240348] input: Power Button as /devices/LNXSYSTM:00/LNXPWRBN:00/input/input0
[    1.246052] ACPI: Power Button [PWRF]
[    1.249187] input: Sleep Button as /devices/LNXSYSTM:00/LNXSLPBN:00/input/input1
[    1.253052] ACPI: Sleep Button [SLPF]
[    1.257163] GHES: HEST is not enabled!
[    1.260140] ACPI: Battery Slot [BAT0] (battery present)
[    1.262471] Serial: 8250/16550 driver, 32 ports, IRQ sharing enabled
[    1.286231] 00:02: ttyS0 at I/O 0x3f8 (irq = 4, base_baud = 115200) is a 16550A
[    1.293245] Linux agpgart interface v0.103
[    1.297620] loop: module loaded
[    1.299838] scsi host0: ata_piix
[    1.301599] scsi host1: ata_piix
[    1.302959] ata1: PATA max UDMA/33 cmd 0x1f0 ctl 0x3f6 bmdma 0xd000 irq 14
[    1.305253] ata2: PATA max UDMA/33 cmd 0x170 ctl 0x376 bmdma 0xd008 irq 15
[    1.308305] libphy: Fixed MDIO Bus: probed
[    1.309804] tun: Universal TUN/TAP device driver, 1.6
[    1.311820] tun: (C) 1999-2004 Max Krasnyansky <maxk@qualcomm.com>
[    1.314082] PPP generic driver version 2.4.2
[    1.315733] ehci_hcd: USB 2.0 'Enhanced' Host Controller (EHCI) Driver
[    1.317876] ehci-pci: EHCI PCI platform driver
[    1.319517] ehci-platform: EHCI generic platform driver
[    1.321479] ohci_hcd: USB 1.1 'Open' Host Controller (OHCI) Driver
[    1.323590] ohci-pci: OHCI PCI platform driver
[    1.325242] ohci-platform: OHCI generic platform driver
[    1.327058] uhci_hcd: USB Universal Host Controller Interface driver
[    1.329262] i8042: PNP: PS/2 Controller [PNP0303:PS2K,PNP0f03:PS2M] at 0x60,0x64 irq 1,12
[    1.332644] serio: i8042 KBD port at 0x60,0x64 irq 1
[    1.334398] serio: i8042 AUX port at 0x60,0x64 irq 12
[    1.336515] mousedev: PS/2 mouse device common for all mice
[    1.339608] input: AT Translated Set 2 keyboard as /devices/platform/i8042/serio0/input/input2
[    1.342823] rtc_cmos rtc_cmos: rtc core: registered rtc_cmos as rtc0
[    1.345472] rtc_cmos rtc_cmos: alarms up to one day, 114 bytes nvram
[    1.347876] i2c /dev entries driver
[    1.349242] device-mapper: uevent: version 1.0.3
[    1.351266] device-mapper: ioctl: 4.34.0-ioctl (2015-10-28) initialised: dm-devel@redhat.com
[    1.353698] ledtrig-cpu: registered to indicate activity on CPUs
[    1.355777] NET: Registered protocol family 10
[    1.357793] NET: Registered protocol family 17
[    1.359496] Key type dns_resolver registered
[    1.361785] registered taskstats version 1
[    1.363421] Loading compiled-in X.509 certificates
[    1.365926] Loaded X.509 cert 'Build time autogenerated kernel key: 3e01e6df98386236d59670e6b2ed19a044d5324e'
[    1.369319] zswap: loaded using pool lzo/zbud
[    1.372833] Key type trusted registered
[    1.377194] Key type encrypted registered
[    1.378332] AppArmor: AppArmor sha1 policy hashing enabled
[    1.379708] ima: No TPM chip found, activating TPM-bypass!
[    1.381068] ima: Allocated hash algorithm: sha1
[    1.382264] evm: HMAC attrs: 0x1
[    1.383672]   Magic number: 15:543:83
[    1.384830] rtc_cmos rtc_cmos: setting system clock to 2019-08-19 15:03:35 UTC (1566227015)
[    1.387174] BIOS EDD facility v0.16 2004-Jun-25, 0 devices found
[    1.388633] EDD information not available.
[    1.464328] Freeing unused kernel memory: 1484K
[    1.465533] Write protecting the kernel read-only data: 14336k
[    1.467594] Freeing unused kernel memory: 1612K
[    1.469002] Freeing unused kernel memory: 64K
Loading, please wait...
starting version 229
[    1.487783] random: systemd-udevd: uninitialized urandom read (16 bytes read, 3 bits of entropy available)
[    1.488892] random: udevadm: uninitialized urandom read (16 bytes read, 3 bits of entropy available)
[    1.488918] random: udevadm: uninitialized urandom read (16 bytes read, 3 bits of entropy available)
[    1.498057] random: systemd-udevd: uninitialized urandom read (16 bytes read, 3 bits of entropy available)
[    1.501983] random: udevadm: uninitialized urandom read (16 bytes read, 3 bits of entropy available)
[    1.502040] random: udevadm: uninitialized urandom read (16 bytes read, 3 bits of entropy available)
[    1.502263] random: udevadm: uninitialized urandom read (16 bytes read, 3 bits of entropy available)
[    1.502342] random: udevadm: uninitialized urandom read (16 bytes read, 3 bits of entropy available)
[    1.502417] random: udevadm: uninitialized urandom read (16 bytes read, 3 bits of entropy available)
[    1.502490] random: udevadm: uninitialized urandom read (16 bytes read, 3 bits of entropy available)
[    1.564546] e1000: Intel(R) PRO/1000 Network Driver - version 7.3.21-k8-NAPI
[    1.566834] e1000: Copyright (c) 1999-2006 Intel Corporation.
[    1.569974] Fusion MPT base driver 3.04.20
[    1.571439] Copyright (c) 1999-2008 LSI Corporation
[    1.585135] Fusion MPT SPI Host driver 3.04.20
[    1.599278] AVX2 version of gcm_enc/dec engaged.
[    1.600929] AES CTR mode by8 optimization enabled
[    1.780708] input: ImExPS/2 Generic Explorer Mouse as /devices/platform/i8042/serio1/input/input4
[    1.992707] e1000 0000:00:03.0 eth0: (PCI:33MHz:32-bit) 02:c2:66:bb:16:6d
[    1.995153] e1000 0000:00:03.0 eth0: Intel(R) PRO/1000 Network Connection
[    1.998522] mptbase: ioc0: Initiating bringup
[    2.063793] ioc0: LSI53C1030 A0: Capabilities={Initiator}
[    2.225340] scsi host2: ioc0: LSI53C1030 A0, FwRev=00000000h, Ports=1, MaxQ=256, IRQ=20
[    2.343998] scsi 2:0:0:0: Direct-Access     VBOX     HARDDISK         1.0  PQ: 0 ANSI: 5
[    2.347287] scsi target2:0:0: Beginning Domain Validation
[    2.350760] scsi target2:0:0: Domain Validation skipping write tests
[    2.353023] scsi target2:0:0: Ending Domain Validation
[    2.354919] scsi target2:0:0: asynchronous
[    2.357058] scsi 2:0:1:0: Direct-Access     VBOX     HARDDISK         1.0  PQ: 0 ANSI: 5
[    2.360782] scsi target2:0:1: Beginning Domain Validation
[    2.363879] scsi target2:0:1: Domain Validation skipping write tests
[    2.366465] scsi target2:0:1: Ending Domain Validation
[    2.368721] scsi target2:0:1: asynchronous
[    2.384139] sd 2:0:0:0: Attached scsi generic sg0 type 0
[    2.387614] sd 2:0:0:0: [sda] 20971520 512-byte logical blocks: (10.7 GB/10.0 GiB)
[    2.423618] sd 2:0:1:0: Attached scsi generic sg1 type 0
[    2.429031] sd 2:0:0:0: [sda] Write Protect is off
[    2.433730] sd 2:0:0:0: [sda] Incomplete mode parameter data
[    2.436290] sd 2:0:0:0: [sda] Assuming drive cache: write through
[    2.438447] sd 2:0:1:0: [sdb] 20480 512-byte logical blocks: (10.5 MB/10.0 MiB)
[    2.440009]  sda: sda1
[    2.441050] sd 2:0:0:0: [sda] Attached SCSI disk
[    2.447002] sd 2:0:1:0: [sdb] Write Protect is off
[    2.448779] sd 2:0:1:0: [sdb] Incomplete mode parameter data
[    2.450940] sd 2:0:1:0: [sdb] Assuming drive cache: write through
[    2.456350] sd 2:0:1:0: [sdb] Attached SCSI disk
[    2.782113] e1000 0000:00:08.0 eth1: (PCI:33MHz:32-bit) 08:00:27:95:03:8d
[    2.783881] e1000 0000:00:08.0 eth1: Intel(R) PRO/1000 Network Connection
[    2.786853] e1000 0000:00:08.0 enp0s8: renamed from eth1
[    2.812804] e1000 0000:00:03.0 enp0s3: renamed from eth0
Begin: Loading essential drivers ... [    4.522791] md: linear personality registered for level -1
[    4.527398] md: multipath personality registered for level -4
[    4.533479] md: raid0 personality registered for level 0
[    4.540452] md: raid1 personality registered for level 1
[    4.611115] raid6: sse2x1   gen()  7059 MB/s
[    4.678841] raid6: sse2x1   xor()  5171 MB/s
[    4.746932] raid6: sse2x2   gen()  7125 MB/s
[    4.815080] raid6: sse2x2   xor()  6589 MB/s
[    4.882897] raid6: sse2x4   gen() 11893 MB/s
[    4.951203] raid6: sse2x4   xor()  7074 MB/s
[    5.019085] raid6: avx2x1   gen() 18001 MB/s
[    5.086919] raid6: avx2x2   gen() 21066 MB/s
[    5.154815] raid6: avx2x4   gen() 24240 MB/s
[    5.155970] raid6: using algorithm avx2x4 gen() 24240 MB/s
[    5.157339] raid6: using avx2x2 recovery algorithm
[    5.160338] xor: automatically using best checksumming function:
[    5.199142]    avx       : 25453.000 MB/sec
[    5.201911] async_tx: api initialized (async)
[    5.217193] md: raid6 personality registered for level 6
[    5.218609] md: raid5 personality registered for level 5
[    5.220069] md: raid4 personality registered for level 4
[    5.230326] md: raid10 personality registered for level 10
done.
Begin: Running /scripts/init-premount ... done.
Begin: Mounting root file system ... Begin: Running /scripts/local-top ... done.
Begin: Running /scripts/local-premount ... [    5.274079] Btrfs loaded
Scanning for Btrfs filesystems
done.
Warning: fsck not present, so skipping root file system
[    5.310413] EXT4-fs (sda1): mounted filesystem with ordered data mode. Opts: (null)
done.
Begin: Running /scripts/local-bottom ... done.
Begin: Running /scripts/init-bottom ... done.
[    5.452488] systemd[1]: systemd 229 running in system mode. (+PAM +AUDIT +SELINUX +IMA +APPARMOR +SMACK +SYSVINIT +UTMP +LIBCRYPTSETUP +GCRYPT +GNUTLS +ACL +XZ -LZ4 +SECCOMP +BLKID +ELFUTILS +KMOD -IDN)
[    5.459048] systemd[1]: Detected virtualization oracle.
[    5.461186] systemd[1]: Detected architecture x86-64.

Welcome to [1mUbuntu 16.04.6 LTS[0m!

[    5.467003] systemd[1]: Set hostname to <ubuntu>.
[    5.470858] systemd[1]: Initializing machine ID from random generator.
[    5.472826] systemd[1]: Installed transient /etc/machine-id file.
[    5.641241] systemd[1]: Listening on Journal Socket.
[[0;32m  OK  [0m] Listening on Journal Socket.
[    5.643694] systemd[1]: Listening on Journal Socket (/dev/log).
[[0;32m  OK  [0m] Listening on Journal Socket (/dev/log).
[    5.646298] systemd[1]: Reached target Swap.
[[0;32m  OK  [0m] Reached target Swap.
[    5.648352] systemd[1]: Listening on LVM2 metadata daemon socket.
[[0;32m  OK  [0m] Listening on LVM2 metadata daemon socket.
[    5.650998] systemd[1]: Reached target User and Group Name Lookups.
[[0;32m  OK  [0m] Reached target User and Group Name Lookups.
[    5.653865] systemd[1]: Listening on Syslog Socket.
[[0;32m  OK  [0m] Listening on Syslog Socket.
[    5.656225] systemd[1]: Listening on Journal Audit Socket.
[[0;32m  OK  [0m] Listening on Journal Audit Socket.
[    5.659071] systemd[1]: Created slice System Slice.
[[0;32m  OK  [0m] Created slice System Slice.
[    5.683402] systemd[1]: Mounting POSIX Message Queue File System...
         Mounting POSIX Message Queue File System...
[    5.687933] systemd[1]: Starting Remount Root and Kernel File Systems...
         Starting Remount Root and Kernel File Systems...
[    5.693091] systemd[1]: Created slice system-serial\x2dgetty.slice.
   5.695227] EXT4-fs (sda1): re-mounted. Opts: (null)
[[0;32m  OK  [0m] Created slice system-serial\x2dgetty.slice.
[    5.701911] systemd[1]: Starting Nameserver information manager...
         Starting Nameserver information manager...
[    5.706280] systemd[1]: Starting Uncomplicated firewall...
         Starting Uncomplicated firewall...
[    5.709373] systemd[1]: Reached target Encrypted Volumes.
[[0;32m  OK  [0m] Reached target Encrypted Volumes.
[    5.712846] systemd[1]: Listening on LVM2 poll daemon socket.
[[0;32m  OK  [0m] Listening on LVM2 poll daemon socket.
[    5.716408] systemd[1]: Listening on udev Kernel Socket.
[[0;32m  OK  [0m] Listening on udev Kernel Socket.
[    5.719102] systemd[1]: Created slice User and Session Slice.
[[0;32m  OK  [0m] Created slice User and Session Slice.
[    5.721938] systemd[1]: Reached target Slices.
[[0;32m  OK  [0m] Reached target Slices.
[    5.724437] systemd[1]: Reached target System Time Synchronized.
[[0;32m  OK  [0m] Reached target System Time Synchronized.
[    5.739129] systemd[1]: Starting Load Kernel Modules...
         Starting Load Kernel Modules...
[    5.742425] systemd[1]: Listening on /dev/initctl Compatibility Named Pipe.
[[0;32m  OK  [0m] Listening on /dev/initctl Compatibility Named Pipe.
[    5.747435] systemd[1]: Starting Journal Service...
         Starting Journal Service...
[    5.751301] systemd[1]: Started Forward Password Requests to Wall Directory Watch.
[    5.754680] Loading iSCSI transport class v2.0-870.
[[0;32m  OK  [0m] Started Forward Password Requests to Wall Directory Watch.
[    5.759264] systemd[1]: Starting Create list of required static device nodes for the current kernel...
         Starting Create list of required st... nodes for the current kernel...
[    5.766099] systemd[1]: Mounting Debug File System...
         Mounting Debug File System...
[    5.772140] systemd[1]: Listening on udev Control Socket.
[[0;32m  OK  [0m] Listening on udev Control Socket.
[    5.783034] systemd[1]: Listening on Device-mapper event daemon FIFOs.
[    5.785944] iscsi: registered transport (tcp)
[[0;32m  OK  [0m] Listening on Device-mapper event daemon FIFOs.
[    5.803121] systemd[1]: Starting Monitoring of LVM2 mirrors, snapshots etc. using dmeventd or progress polling...
         Starting Monitoring of LVM2 mirrors... dmeventd or progress polling...
[    5.813732] systemd[1]: Set up automount Arbitrary Executable File Formats File System Automount Point.
[[0;32m  OK  [0m] Set up automount Arbitrary Executab...ats File System Automount Point.
[    5.829223] systemd[1]: Mounting Huge Pages File System...
         Mounting Huge Pages File System...
[    5.839171] systemd[1]: Started Trigger resolvconf update for networkd DNS.
[[0;32m  OK  [0m] Started Trigger resolvconf update for networkd DNS.
[    5.859028] systemd[1]: Starting Set console keymap...
         Starting Set console keymap...
[    5.866174] systemd[1]: Mounted Huge Pages File System.
[    5.868098] iscsi: registered transport (iser)
[[0;32m  OK  [0m] Mounted Huge Pages File System.
[    5.875282] systemd[1]: Mounted Debug File System.
[[0;32m  OK  [0m] Mounted Debug File System.
[    5.879122] systemd[1]: Mounted POSIX Message Queue File System.
[[0;32m  OK  [0m] Mounted POSIX Message Queue File System.
[    5.883612] systemd[1]: Started Journal Service.
[[0;32m  OK  [0m] Started Journal Service.
[[0;32m  OK  [0m] Started Remount Root and Kernel File Systems.
[[0;32m  OK  [0m] Started Uncomplicated firewall.
[[0;32m  OK  [0m] Started Load Kernel Modules.
[[0;32m  OK  [0m] Started Create list of required sta...ce nodes for the current kernel.
[[0;32m  OK  [0m] Started Nameserver information manager.
[[0;32m  OK  [0m] Started Set console keymap.
[[0;32m  OK  [0m] Started LVM2 metadata daemon.
         Starting Create Static Device Nodes in /dev...
         Mounting FUSE Control File System...
         Starting Apply Kernel Variables...
         Starting Load/Save Random Seed...
         Starting udev Coldplug all Devices...
         Starting Flush Journal to Persistent Storage...
[[0;32m  OK  [0m] Mounted FUSE Control File System.
[[0;32m  OK  [0m] Started Apply Kernel Variables.
[[0;32m  OK  [0m] Started Load/Save Random Seed.
[[0;32m  OK  [0m] Started Create Static Device Nodes in /dev.
[[0;32m  OK  [0m] Started udev Coldplug all Devices.
[[0;32m  OK  [0m] Started Flush Journal to Persistent Storage.
         Starting udev Kernel Device Manager...
[[0;32m  OK  [0m] Started udev Kernel Device Manager.
[[0;32m  OK  [0m] Started Dispatch Password Requests to Console Directory Watch.
[[0;32m  OK  [0m] Found device /dev/ttyS0.
[[0;32m  OK  [0m] Started Monitoring of LVM2 mirrors,...ng dmeventd or progress polling.
[[0;32m  OK  [0m] Reached target Local File Systems (Pre).
[[0;32m  OK  [0m] Reached target Local File Systems.
         Starting LSB: AppArmor initialization...
         Starting Create Volatile Files and Directories...
         Starting Set console font and keymap...
         Starting Tell Plymouth To Write Out Runtime Data...
         Starting Initial cloud-init job (pre-networking)...
         Starting Commit a transient machine-id on disk...
[[0;32m  OK  [0m] Started Create Volatile Files and Directories.
[[0;32m  OK  [0m] Started Tell Plymouth To Write Out Runtime Data.
[[0;32m  OK  [0m] Started Commit a transient machine-id on disk.
[[0;32m  OK  [0m] Listening on Load/Save RF Kill Switch Status /dev/rfkill Watch.
         Starting Update UTMP about System Boot/Shutdown...
[[0;32m  OK  [0m] Started Update UTMP about System Boot/Shutdown.
[    8.932997] cloud-init[527]: Cloud-init v. 19.1-1-gbaa47854-0ubuntu1~16.04.1 running 'init-local' at Mon, 19 Aug 2019 15:03:42 +0000. Up 8.08 seconds.
[[0;32m  OK  [0m] Started Initial cloud-init job (pre-networking).
[[0;32m  OK  [0m] Reached target Network (Pre).
[[0;32m  OK  [0m] Started Set console font and keymap.
[[0;32m  OK  [0m] Created slice system-getty.slice.
[[0;32m  OK  [0m] Started LSB: AppArmor initialization.
         Starting Raise network interfaces...
[[0;32m  OK  [0m] Started Raise network interfaces.
[[0;32m  OK  [0m] Reached target Network.
         Starting Initial cloud-init job (metadata service crawler)...
[   11.389935] cloud-init[966]: Cloud-init v. 19.1-1-gbaa47854-0ubuntu1~16.04.1 running 'init' at Mon, 19 Aug 2019 15:03:44 +0000. Up 10.34 seconds.
[   11.392650] cloud-init[966]: ci-info: ++++++++++++++++++++++++++++++++++++++Net device info+++++++++++++++++++++++++++++++++++++++
[   11.395784] cloud-init[966]: ci-info: +--------+-------+----------------------------+---------------+--------+-------------------+
[   11.398479] cloud-init[966]: ci-info: | Device |   Up  |          Address           |      Mask     | Scope  |     Hw-Address    |
[   11.401113] cloud-init[966]: ci-info: +--------+-------+----------------------------+---------------+--------+-------------------+
[   11.404168] cloud-init[966]: ci-info: | enp0s3 |  True |         10.0.2.15          | 255.255.255.0 | global | 02:c2:66:bb:16:6d |
[   11.406611] cloud-init[966]: ci-info: | enp0s3 |  True | fe80::c2:66ff:febb:166d/64 |       .       |  link  | 02:c2:66:bb:16:6d |
[   11.409637] cloud-init[966]: ci-info: | enp0s8 | False |             .              |       .       |   .    | 08:00:27:95:03:8d |
[   11.412431] cloud-init[966]: ci-info: |   lo   |  True |         127.0.0.1          |   255.0.0.0   |  host  |         .         |
[   11.415258] cloud-init[966]: ci-info: |   lo   |  True |          ::1/128           |       .       |  host  |         .         |
[   11.417976] cloud-init[966]: ci-info: +--------+-------+----------------------------+---------------+--------+-------------------+
[   11.420556] cloud-init[966]: ci-info: +++++++++++++++++++++++++++Route IPv4 info++++++++++++++++++++++++++++
[   11.422872] cloud-init[966]: ci-info: +-------+-------------+----------+---------------+-----------+-------+
[   11.425089] cloud-init[966]: ci-info: | Route | Destination | Gateway  |    Genmask    | Interface | Flags |
[   11.427203] cloud-init[966]: ci-info: +-------+-------------+----------+---------------+-----------+-------+
[   11.429377] cloud-init[966]: ci-info: |   0   |   0.0.0.0   | 10.0.2.2 |    0.0.0.0    |   enp0s3  |   UG  |
[   11.431846] cloud-init[966]: ci-info: |   1   |   10.0.2.0  | 0.0.0.0  | 255.255.255.0 |   enp0s3  |   U   |
[   11.435072] cloud-init[966]: ci-info: +-------+-------------+----------+---------------+-----------+-------+
[   11.438284] cloud-init[966]: ci-info: +++++++++++++++++++Route IPv6 info+++++++++++++++++++
[   11.440986] cloud-init[966]: ci-info: +-------+-------------+---------+-----------+-------+
[   11.443706] cloud-init[966]: ci-info: | Route | Destination | Gateway | Interface | Flags |
[   11.446593] cloud-init[966]: ci-info: +-------+-------------+---------+-----------+-------+
[   11.448964] cloud-init[966]: ci-info: |   0   |  fe80::/64  |    ::   |   enp0s3  |   U   |
[   11.451746] cloud-init[966]: ci-info: |   3   |   ff00::/8  |    ::   |   enp0s3  |   U   |
[   11.453660] cloud-init[966]: ci-info: +-------+-------------+---------+-----------+-------+
[   11.455703] cloud-init[966]: Generating public/private rsa key pair.
[   11.457288] cloud-init[966]: Your identification has been saved in /etc/ssh/ssh_host_rsa_key.
[   11.459103] cloud-init[966]: Your public key has been saved in /etc/ssh/ssh_host_rsa_key.pub.
[   11.460962] cloud-init[966]: The key fingerprint is:
[   11.469185] cloud-init[966]: SHA256:D+n+r0dsjXQQJI7RETcVkmJ56YH1io86pDLzoXLwhTM root@ubuntu-xenial
[   11.471539] cloud-init[966]: The key's randomart image is:
[   11.473568] cloud-init[966]: +---[RSA 2048]----+
[   11.475384] cloud-init[966]: |        ..+BB=o. |
[   11.476879] cloud-init[966]: |         +*o*+   |
[   11.478267] cloud-init[966]: |        ...+ o.  |
[   11.479888] cloud-init[966]: |         . .o..  |
[   11.481760] cloud-init[966]: |     .  S .o.+   |
[   11.483478] cloud-init[966]: |  . E ...o o= .  |
[   11.485268] cloud-init[966]: |   o +.o. oo.    |
[   11.487059] cloud-init[966]: |  . *..o..  .    |
[   11.488453] cloud-init[966]: |   o.=. ooo+.    |
[   11.489749] cloud-init[966]: +----[SHA256]-----+
[   11.490923] cloud-init[966]: Generating public/private dsa key pair.
[   11.492475] cloud-init[966]: Your identification has been saved in /etc/ssh/ssh_host_dsa_key.
[   11.494608] cloud-init[966]: Your public key has been saved in /etc/ssh/ssh_host_dsa_key.pub.
[   11.496983] cloud-init[966]: The key fingerprint is:
[   11.498712] cloud-init[966]: SHA256:uGAhQnDVYOf6Ik/kugnXvQ80CLlz+Kktcda1h9Z4M3g root@ubuntu-xenial
[   11.501476] cloud-init[966]: The key's randomart image is:
[   11.503405] cloud-init[966]: +---[DSA 1024]----+
[   11.505036] cloud-init[966]: |o...+o.          |
[   11.506501] cloud-init[966]: |.. o o.          |
[   11.507900] cloud-init[966]: |. + . .          |
[   11.509343] cloud-init[966]: | . = + ..        |
[   11.516957] cloud-init[966]: |  + B.+.S*       |
[   11.518259] cloud-init[966]: |  .Oo*.o* E      |
[   11.519710] cloud-init[966]: |. o+B =. + o     |
[   11.521032] cloud-init[966]: | o.O . o         |
[   11.522583] cloud-init[966]: |  =oo ...        |
[   11.524429] cloud-init[966]: +----[SHA256]-----+
[   11.526022] cloud-init[966]: Generating public/private ecdsa key pair.
[   11.527774] cloud-init[966]: Your identification has been saved in /etc/ssh/ssh_host_ecdsa_key.
[   11.536619] cloud-init[966]: Your public key has been saved in /etc/ssh/ssh_host_ecdsa_key.pub.
[   11.538815] cloud-init[966]: The key fingerprint is:
[   11.540189] cloud-init[966]: SHA256:FAjb4LxR2phoKuVn5vvCGjnH2/NQLsHOIfY1qKNug98 root@ubuntu-xenial
[   11.542314] cloud-init[966]: The key's randomart image is:
[   11.543898] cloud-init[966]: +---[ECDSA 256]---+
[   11.545274] cloud-init[966]: |    o....        |
[[0;32m  OK  [0m] Started Initial cloud-init job (metadata service crawler).
[[0;32m  OK  [0m] Reached target Network is Online.
[   11.553166] cloud-init[966]: |   + X.  .       |
[   11.558305] cloud-init[966]: |  + O o .        |
[   11.559920] cloud-init[966]: | =   + o         |
[   11.561685] cloud-init[966]: |o . B = S        |
[   11.563060] cloud-init[966]: |.  O * * .       |
[   11.564282] cloud-init[966]: | .+.* * .        |
[   11.565462] cloud-init[966]: |. o*o=.o         |
[   11.566607] cloud-init[966]: | +=oEooo.        |
[   11.567829] cloud-init[966]: +----[SHA256]-----+
[   11.569128] cloud-init[966]: Generating public/private ed25519 key pair.
[   11.570746] cloud-init[966]: Your identification has been saved in /etc/ssh/ssh_host_ed25519_key.
[   11.574590]          Starting iSCSI initiator daemon (iscsid)...
[[0;32m  OK  [0m] Reached target Cloud-config availability.
[[0;32m  OK  [0m] Reached target System Initialization.
cloud-init[966]: Your public key has been saved in /etc/ssh/ssh_host_ed25519_key.pub.
[   11.579663] cloud-init[966]: The key fingerprint is:
[   11.581033] cloud-init[966]: SHA256:EUDxpicSQy+N0RstPWOeXn2phAKOVoiQGvkNvUozj7c root@ubuntu-xenial
[   11.583216] cloud-init[966]: The key's randomart image is:
         Starting Socket activation for snappy daemon.
[[0;32m  OK  [0m] Started ACPI Events Check.
[[0;32m  OK  [0m] Reached target Paths.
[[0;32m  OK  [0m] Started Daily Cleanup of Temporary Directories.
[[0;32m  OK  [0m] Listening on D-Bus System Message Bus Socket.
[[0;32m  OK  [0m] Listening on UUID daemon activation socket.
[[0;32m  OK  [0m] Listening on ACPID Listen Socket.
[[0;32m  OK  [0m] Started Daily apt download activities.
[[0;32m  OK  [0m] Started Daily apt upgrade and clean activities.
[[0;32m  OK  [0m] Reached target Timers.
[   11.585483] cloud-init[966]: +--[ED25519 256]--+
[   11.598225] cloud-init[966]: |.+ oo++=.        |
[   11.599624] cloud-init[966]: |+ o.o=*.*.       |
         Starting LXD - unix socket.
[   11.599993] cloud-init[966]: |.o o==oB++ o   . |
[   11.602653] cloud-init[966]: |. = =+oo+.o o o  |
[   11.603009] cloud-init[966]: | . B. o.So . o   |
[   11.603795] cloud-init[966]: |  o o. o.   .    |
[   11.604464] cloud-init[966]: |   . .           |
[   11.605233] cloud-init[966]: |    E            |
[   11.606000] cloud-init[966]: |                 |
[   11.606708] cloud-init[966]: +----[SHA256]-----+
[[0;32m  OK  [0m] Listening on Socket activation for snappy daemon.
[[0;32m  OK  [0m] Listening on LXD - unix socket.
[[0;32m  OK  [0m] Started iSCSI initiator daemon (iscsid).
         Starting Login to default iSCSI targets...
[[0;32m  OK  [0m] Reached target Sockets.
[[0;32m  OK  [0m] Reached target Basic System.
         Starting LXD - container startup/shutdown...
         Starting Login Service...
         Starting Virtualbox guest utils...
         Starting Pollinate to seed the pseudo random number generator...
[[0;32m  OK  [0m] Started D-Bus System Message Bus.
[[0;32m  OK  [0m] Started Deferred execution scheduler.
         Starting /etc/rc.local Compatibility...
         Starting Accounts Service...
         Starting System Logging Service...
         Starting LSB: Record successful boot for GRUB...
[[0;32m  OK  [0m] Started Regular background program processing daemon.
         Starting Snappy daemon...
[[0;32m  OK  [0m] Started FUSE filesystem for LXC.
[[0;32m  OK  [0m] Started ACPI event daemon.
         Starting LSB: MD monitoring daemon...
[[0;32m  OK  [0m] Started /etc/rc.local Compatibility.
[[0;32m  OK  [0m] Started Login to default iSCSI targets.
[[0;32m  OK  [0m] Started System Logging Service.
[[0;32m  OK  [0m] Started LXD - container startup/shutdown.
[[0;32m  OK  [0m] Started LSB: Record successful boot for GRUB.
[[0;32m  OK  [0m] Started LSB: MD monitoring daemon.
[[0;32m  OK  [0m] Started Login Service.
[[0;32m  OK  [0m] Started Unattended Upgrades Shutdown.
         Starting Authenticate and Authorize Users to Run Privileged Tasks...
[[0;32m  OK  [0m] Reached target Remote File Systems (Pre).
[[0;32m  OK  [0m] Reached target Remote File Systems.
         Starting Permit User Sessions...
         Starting LSB: Set the CPU Frequency Scaling governor to "ondemand"...
         Starting LSB: daemon to balance interrupts for SMP systems...
         Starting LSB: automatic crash report generation...
[[0;32m  OK  [0m] Started Permit User Sessions.
         Starting Terminate Plymouth Boot Screen...
         Starting Hold until boot process finishes up...
[[0;32m  OK  [0m] Started Virtualbox guest utils.
[[0;32m  OK  [0m] Started LSB: Set the CPU Frequency Scaling governor to "ondemand".
[[0;32m  OK  [0m] Started Terminate Plymouth Boot Screen.
[[0;32m  OK  [0m] Started Hold until boot process finishes up.
[[0;32m  OK  [0m] Started Authenticate and Authorize Users to Run Privileged Tasks.
[[0;32m  OK  [0m] Started LSB: automatic crash report generation.
[[0;32m  OK  [0m] Started Serial Getty on ttyS0.
         Starting Set console scheme...
[[0;32m  OK  [0m] Started Getty on tty1.
[[0;32m  OK  [0m] Reached target Login Prompts.
[[0;32m  OK  [0m] Started LSB: daemon to balance interrupts for SMP systems.
[[0;32m  OK  [0m] Started Set console scheme.
[[0;32m  OK  [0m] Started Accounts Service.
[[0;32m  OK  [0m] Started Pollinate to seed the pseudo random number generator.
         Starting OpenBSD Secure Shell server...
[[0;32m  OK  [0m] Started OpenBSD Secure Shell server.
[[0;32m  OK  [0m] Started Snappy daemon.
         Starting Wait until snapd is fully seeded...
[[0;32m  OK  [0m] Created slice User Slice of vagrant.
         Starting User Manager for UID 1000...
[[0;32m  OK  [0m] Started Session 1 of user vagrant.
[[0;32m  OK  [0m] Started User Manager for UID 1000.
[[0;32m  OK  [0m] Started Wait until snapd is fully seeded.
         Starting Apply the settings specified in cloud-config...
[[0;32m  OK  [0m] Reached target Multi-User System.
[[0;32m  OK  [0m] Reached target Graphical Interface.
         Starting Update UTMP about System Runlevel Changes...
[[0;32m  OK  [0m] Started Update UTMP about System Runlevel Changes.
[   14.548168] cloud-init[1391]: Generating locales (this might take a while)...
[   16.141144] cloud-init[1391]:   en_US.UTF-8... done
[   16.143687] cloud-init[1391]: Generation complete.
[   16.720986] cloud-init[1391]: Cloud-init v. 19.1-1-gbaa47854-0ubuntu1~16.04.1 running 'modules:config' at Mon, 19 Aug 2019 15:03:48 +0000. Up 14.32 seconds.
[[0;32m  OK  [0m] Started Apply the settings specified in cloud-config.
         Starting Execute cloud user/final scripts...
ci-info: no authorized ssh keys fingerprints found for user ubuntu.
<14>Aug 19 15:03:52 ec2: 
<14>Aug 19 15:03:52 ec2: #############################################################
<14>Aug 19 15:03:52 ec2: -----BEGIN SSH HOST KEY FINGERPRINTS-----
<14>Aug 19 15:03:52 ec2: 1024 SHA256:uGAhQnDVYOf6Ik/kugnXvQ80CLlz+Kktcda1h9Z4M3g root@ubuntu-xenial (DSA)
<14>Aug 19 15:03:52 ec2: 256 SHA256:FAjb4LxR2phoKuVn5vvCGjnH2/NQLsHOIfY1qKNug98 root@ubuntu-xenial (ECDSA)
<14>Aug 19 15:03:52 ec2: 256 SHA256:EUDxpicSQy+N0RstPWOeXn2phAKOVoiQGvkNvUozj7c root@ubuntu-xenial (ED25519)
<14>Aug 19 15:03:52 ec2: 2048 SHA256:D+n+r0dsjXQQJI7RETcVkmJ56YH1io86pDLzoXLwhTM root@ubuntu-xenial (RSA)
<14>Aug 19 15:03:52 ec2: -----END SSH HOST KEY FINGERPRINTS-----
<14>Aug 19 15:03:52 ec2: #############################################################
-----BEGIN SSH HOST KEY KEYS-----
ecdsa-sha2-nistp256 AAAAE2VjZHNhLXNoYTItbmlzdHAyNTYAAAAIbmlzdHAyNTYAAABBBJhlpF3P+KJP9hrJafE2/teGYaStqpRE8ly402lcD77B6woNQ2r6xTy7Y4hkBMP5+37pc5imodK1ezSZ3cr+8eM= root@ubuntu-xenial
ssh-ed25519 AAAAC3NzaC1lZDI1NTE5AAAAIHgJkS3I6qYn+opT6TYmkdTlr7qlzYd1T8skYRki3Adw root@ubuntu-xenial
ssh-rsa AAAAB3NzaC1yc2EAAAADAQABAAABAQDy0iTeJ+LWZ811xlQPpKxHQDjEY8RfeXrN45HpGNzE/mVMCyxk/1FraWv0I/qLVCW105sR2iFDZKiU5Owk4riFlM22QUzdz3EYI04XpIfoiWhKY3EAeFd5D1KmjJSaoPyt7jAdgAA87zclBtHUIBOMNm2iOkIr/KeH2LaOtufuG6fouWvGh5bauOdoJivoQ7cJvTLKbMGMs+xgFEl7GtwE7iTfEaUH0jUhHdgb8QU3X+Zi2zh5EGwwaM72fqssmp4d9em2Hiwtc2gLJa7rYzMf+FL9/vXOjAsnl3nV7pdKJ3riHbB6W8t5CQ6lsE5UdCe805QjI0KT0OGB4p5plh4t root@ubuntu-xenial
-----END SSH HOST KEY KEYS-----
[   17.801194] cloud-init[1559]: Cloud-init v. 19.1-1-gbaa47854-0ubuntu1~16.04.1 running 'modules:final' at Mon, 19 Aug 2019 15:03:52 +0000. Up 17.48 seconds.
[   17.801824] cloud-init[1559]: ci-info: no authorized ssh keys fingerprints found for user ubuntu.
[   17.802172] cloud-init[1559]: Cloud-init v. 19.1-1-gbaa47854-0ubuntu1~16.04.1 finished at Mon, 19 Aug 2019 15:03:52 +0000. Datasource DataSourceNoCloud [seed=/dev/sdb][dsmode=net].  Up 17.76 seconds

Ubuntu 16.04.6 LTS ubuntu-xenial ttyS0

ubuntu-xenial login: 